2023/09/19 16:05:01 
2023/09/19 16:05:01 
2023/09/19 16:05:01 
2023/09/19 16:05:01 http://localhost:8000/api?callfun=exit
2023/09/19 16:05:01 [http get]ret=>
2023/09/19 16:05:01 
2023/09/19 16:05:01 
2023/09/19 16:05:01 
2023/09/19 16:05:01 http://localhost:8000/api?callfun=login%20111356,26916DD661300B25,1BC0036763DE22EC
2023/09/19 16:05:01 [http get]ret=>"agtid":"111356","descode":"26916DD661300B25","md5key":"1BC0036763DE22EC","lgky":"111356,26916DD661300B25,1BC0036763DE22EC"
2023/09/19 16:05:01 
2023/09/19 16:05:01 
2023/09/19 16:05:01 
2023/09/19 16:05:01 http://localhost:8000/api?callfun=qryAgtBal%20111356
2023/09/19 16:05:01 [http get]ret=>"maintype":"/GameHandle","type":9,"data":{"code":0,"score":1782.0}
2023/09/19 16:05:01 
2023/09/19 16:05:01 
2023/09/19 16:05:01 
2023/09/19 16:05:01 http://localhost:8000/api?callfun=searchPlayer%20777
2023/09/19 16:05:02 [http get]ret=>"maintype":"/GameHandle","type":7,"data":{"code":0,"agentid":111356,"linecode":"10001_1","status":0,"userid":32077089,"account":"777","totalScore":882.0,"integralvalue":6.0,"addscore":1193.0,"subscore":311.0,"addscoretimes":56,"subscoretimes":49,"totalwinlose":0.0,"totalrevenue":0.0}
2023/09/19 16:05:02 
2023/09/19 16:05:02 
2023/09/19 16:05:02 
2023/09/19 16:05:02 http://localhost:8000/api?callfun=shangfen%20777%202
2023/09/19 16:05:02 [http get]ret=>"maintype":"/GameHandle","type":2,"data":{"orderid":"1113561695114302000777","agentid":111356,"account":"777","score":2.000000,"code":0,"errmsg":"success dt(0.010509s)"}}
2023/09/19 16:05:02 
2023/09/19 16:05:02 
2023/09/19 16:05:02 
2023/09/19 16:05:02 http://localhost:8000/api?callfun=xiafen%20777%201
2023/09/19 16:05:02 [http get]ret=>"maintype":"/GameHandle","type":3,"data":{"orderid":"1113561695114302000777","agentid":111356,"account":"777","score":1.000000,"code":0,"errmsg":"success dt(0.010577s)"}}
2023/09/19 16:05:02 
2023/09/19 16:05:02 
2023/09/19 16:05:02 
2023/09/19 16:05:02 http://localhost:8000/api?callfun=kick%20777
2023/09/19 16:05:02 [http get]ret=>"maintype":"/GameHandle","type":8,"data":{"code":0}
2023/09/19 16:05:02 
2023/09/19 16:05:02 
2023/09/19 16:05:02 
2023/09/19 16:05:02 http://localhost:8000/api?callfun=QryShangxiafen
2023/09/19 16:05:02 [http get]ret=>
  {
    "agtid": "111356",
    "uname": "777",
    "score": "2",
    "类型": "上分",
    "time": "2023-09-19 16:05:02"
  },
  {
    "uname": "777",
    "score": "1",
    "类型": "下分",
    "time": "2023-09-19 16:05:02"
  },
  {
    "agtid": "111356",
    "uname": "777",
    "score": "2",
2023/09/19 16:05:02 
2023/09/19 16:05:02 
2023/09/19 16:05:02 
2023/09/19 16:05:02 http://localhost:8000/api?callfun=kexiafenBal%20777
2023/09/19 16:05:02 [http get]ret=>"maintype":"/GameHandle","type":1,"data":{"code":0,"account":"777","score":883.0}
2023/09/19 16:05:02 
2023/09/19 16:05:02 
2023/09/19 16:05:02 
2023/09/19 16:05:02 http://localhost:8000/api?callfun=addUser%20111%201
2023/09/19 16:05:02 [http get]ret=>"maintype":"/GameHandle","type":0,"data":{"account":"111","code":0,"url":"https://dd60749a.nnsbo.com?08TqyxKA=YsO190OaxP8OUDyqboQAdtdACjhVnm1F7qWIpsIaGcw%3D&gamebackurl=VPPf%2FVHC%2Bxj7%2FyxqZhvITQ%3D%3D&vzGYhgYC=mhgA9XXJH%2BFa7Z2LtRGfSbLZ%2FYlIIiWzsWNHH9OTGR8NmT6a9NlzKYgKLsCX0YUK%2FGyxmaJoLBda56Sf
2023/09/19 16:05:02 
2023/09/19 16:05:02 
2023/09/19 16:05:02 
2023/09/19 16:05:02 http://localhost:8000/api?callfun=oplog_qry
2023/09/19 16:05:02 [http get]ret=>
  {
    "agtid": "111356",
    "op": "上分操作",
    "uname": "777",
    "score": "2",
    "类型": "上分",
    "time": "2023-09-19 16:05:02"
  },
  {
    "agtid": "111356",
    "op": "下分操作",
    "uname": "777",
    "score": "1",
    "类型": "下分",
    "time": "2023-09-19 16:05
2023/09/19 16:05:02 
2023/09/19 16:05:02 
2023/09/19 16:05:02 
2023/09/19 16:05:02 http://localhost:8000/api?callfun=includeXAjax%20head.htm
2023/09/19 16:05:02 [http get]ret=>
<nav aria-label="breadcrumb">
  <ol class="breadcrumb menu405">

    <li id="aIdx" class="breadcrumb-item0"><a href="index.html" target="_top"> 首页 </a></li>

    <li id="aSxf" style="" class="breadcrumb-item0"><a href="shangxiafen.htm">上下分管理</a></li>
    <li id="aUser" class="b
2023/09/19 17:12:09 
2023/09/19 17:12:09 
2023/09/19 17:12:09 
2023/09/19 17:12:09 http://localhost:8000/api?callfun=exit
2023/09/19 17:12:09 [http get]ret=>
2023/09/19 17:12:09 
2023/09/19 17:12:09 
2023/09/19 17:12:09 
2023/09/19 17:12:09 http://localhost:8000/api?callfun=login%20111356,26916DD661300B25,1BC0036763DE22EC
2023/09/19 17:12:09 [http get]ret=>"agtid":"111356","descode":"26916DD661300B25","md5key":"1BC0036763DE22EC","lgky":"111356,26916DD661300B25,1BC0036763DE22EC"
2023/09/19 17:12:09 
2023/09/19 17:12:09 
2023/09/19 17:12:09 
2023/09/19 17:12:09 http://localhost:8000/api?callfun=qryAgtBal%20111356
2023/09/19 17:12:10 [http get]ret=>"maintype":"/GameHandle","type":9,"data":{"code":0,"score":1781.0}
2023/09/19 17:12:10 
2023/09/19 17:12:10 
2023/09/19 17:12:10 
2023/09/19 17:12:10 http://localhost:8000/api?callfun=searchPlayer%20777
2023/09/19 17:12:10 [http get]ret=>"maintype":"/GameHandle","type":7,"data":{"code":0,"agentid":111356,"linecode":"10001_1","status":0,"userid":32077089,"account":"777","totalScore":883.0,"integralvalue":6.0,"addscore":1195.0,"subscore":312.0,"addscoretimes":57,"subscoretimes":50,"totalwinlose":0.0,"totalrevenue":0.0}
2023/09/19 17:12:10 
2023/09/19 17:12:10 
2023/09/19 17:12:10 
2023/09/19 17:12:10 http://localhost:8000/api?callfun=shangfen%20777%202
2023/09/19 17:12:11 [http get]ret=>"maintype":"/GameHandle","type":2,"data":{"orderid":"1113561695118330000777","agentid":111356,"account":"777","score":2.000000,"code":0,"errmsg":"success dt(0.013706s)"}}
2023/09/19 17:12:11 
2023/09/19 17:12:11 
2023/09/19 17:12:11 
2023/09/19 17:12:11 http://localhost:8000/api?callfun=xiafen%20777%201
2023/09/19 17:12:11 [http get]ret=>"maintype":"/GameHandle","type":3,"data":{"orderid":"1113561695118331000777","agentid":111356,"account":"777","score":1.000000,"code":0,"errmsg":"success dt(0.010224s)"}}
2023/09/19 17:12:11 
2023/09/19 17:12:11 
2023/09/19 17:12:11 
2023/09/19 17:12:11 http://localhost:8000/api?callfun=kick%20777
2023/09/19 17:12:11 [http get]ret=>"maintype":"/GameHandle","type":8,"data":{"code":0}
2023/09/19 17:12:11 
2023/09/19 17:12:11 
2023/09/19 17:12:11 
2023/09/19 17:12:11 http://localhost:8000/api?callfun=QryShangxiafen
2023/09/19 17:12:11 [http get]ret=>
  {
    "agtid": "111356",
    "uname": "777",
    "score": "2",
    "类型": "上分",
    "time": "2023-09-19 17:12:11"
  },
  {
    "uname": "777",
    "score": "1",
    "类型": "下分",
    "time": "2023-09-19 17:12:11"
  },
  {
    "agtid": "111356",
    "uname": "777",
    "score": "2",
2023/09/19 17:12:11 
2023/09/19 17:12:11 
2023/09/19 17:12:11 
2023/09/19 17:12:11 http://localhost:8000/api?callfun=kexiafenBal%20777
2023/09/19 17:12:11 [http get]ret=>"maintype":"/GameHandle","type":1,"data":{"code":0,"account":"777","score":884.0}
2023/09/19 17:12:11 
2023/09/19 17:12:11 
2023/09/19 17:12:11 
2023/09/19 17:12:11 http://localhost:8000/api?callfun=addUser%20111%201
2023/09/19 17:12:11 [http get]ret=>"maintype":"/GameHandle","type":0,"data":{"account":"111","code":0,"url":"https://7126c22f.mzydm.com?08TqyxKA=dun0yzIhHo5AZwcA3DLlOddACjhVnm1F7qWIpsIaGcw%3D&gamebackurl=VPPf%2FVHC%2Bxj7%2FyxqZhvITQ%3D%3D&vzGYhgYC=mhgA9XXJH%2BFa7Z2LtRGfSbLZ%2FYlIIiWzsWNHH9OTGR8NmT6a9NlzKYgKLsCX0YUK4%2B2kw2JKkynKcTN9
2023/09/19 17:12:11 
2023/09/19 17:12:11 
2023/09/19 17:12:11 
2023/09/19 17:12:11 http://localhost:8000/api?callfun=oplog_qry
2023/09/19 17:12:11 [http get]ret=>
  {
    "agtid": "111356",
    "op": "上分操作",
    "uname": "777",
    "score": "2",
    "类型": "上分",
    "time": "2023-09-19 17:12:11"
  },
  {
    "agtid": "111356",
    "op": "下分操作",
    "uname": "777",
    "score": "1",
    "类型": "下分",
    "time": "2023-09-19 17:12
2023/09/19 17:12:11 
2023/09/19 17:12:11 
2023/09/19 17:12:11 
2023/09/19 17:12:11 http://localhost:8000/api?callfun=includeXAjax%20head.htm
2023/09/19 17:12:11 [http get]ret=>
<nav aria-label="breadcrumb">
  <ol class="breadcrumb menu405">

    <li id="aIdx" class="breadcrumb-item0"><a href="index.html" target="_top"> 首页 </a></li>

    <li id="aSxf" style="" class="breadcrumb-item0"><a href="shangxiafen.htm">上下分管理</a></li>
    <li id="aUser" class="b
2023/09/23 15:48:57 
2023/09/23 15:48:57 
2023/09/23 15:48:57 
2023/09/23 15:48:57 http://localhost:8000/callrmt?callfun=exit
2023/09/23 15:48:57 [http get]ret=>ot_loginex@需要登
2023/09/23 15:48:57 
2023/09/23 15:48:57 
2023/09/23 15:48:57 
2023/09/23 15:48:57 http://localhost:8000/callrmt?callfun=login%20111356,26916DD661300B25,1BC0036763DE22EC
2023/09/23 15:48:57 [http get]ret=>"agtid":"111356","descode":"26916DD661300B25","md5key":"1BC0036763DE22EC","lgky":"111356,26916DD661300B25,1BC0036763DE22EC"
2023/09/23 15:48:57 
2023/09/23 15:48:57 
2023/09/23 15:48:57 
2023/09/23 15:48:57 http://localhost:8000/callrmt?callfun=qryAgtBal%20111356
2023/09/23 15:48:57 [http get]ret=>ot_loginex@需要登
2023/09/23 15:48:57 
2023/09/23 15:48:57 
2023/09/23 15:48:57 
2023/09/23 15:48:57 http://localhost:8000/callrmt?callfun=searchPlayer%20777
2023/09/23 15:48:57 [http get]ret=>ot_loginex@需要登
2023/09/23 15:48:57 
2023/09/23 15:48:57 
2023/09/23 15:48:57 
2023/09/23 15:48:57 http://localhost:8000/callrmt?callfun=shangfen%20777%202
2023/09/23 15:48:57 [http get]ret=>ot_loginex@需要登
2023/09/23 15:48:57 
2023/09/23 15:48:57 
2023/09/23 15:48:57 
2023/09/23 15:48:57 http://localhost:8000/callrmt?callfun=xiafen%20777%201
2023/09/23 15:48:57 [http get]ret=>ot_loginex@需要登
2023/09/23 15:48:57 
2023/09/23 15:48:57 
2023/09/23 15:48:57 
2023/09/23 15:48:57 http://localhost:8000/callrmt?callfun=kick%20777
2023/09/23 15:48:57 [http get]ret=>ot_loginex@需要登
2023/09/23 15:48:57 
2023/09/23 15:48:57 
2023/09/23 15:48:57 
2023/09/23 15:48:57 http://localhost:8000/callrmt?callfun=QryShangxiafen
2023/09/23 15:48:57 [http get]ret=>ot_loginex@需要登
2023/09/23 15:48:57 
2023/09/23 15:48:57 
2023/09/23 15:48:57 
2023/09/23 15:48:57 http://localhost:8000/callrmt?callfun=kexiafenBal%20777
2023/09/23 15:48:57 [http get]ret=>ot_loginex@需要登
2023/09/23 15:48:57 
2023/09/23 15:48:57 
2023/09/23 15:48:57 
2023/09/23 15:48:57 http://localhost:8000/callrmt?callfun=addUser%20111%201
2023/09/23 15:48:57 [http get]ret=>ot_loginex@需要登
2023/09/23 15:48:57 
2023/09/23 15:48:57 
2023/09/23 15:48:57 
2023/09/23 15:48:57 http://localhost:8000/callrmt?callfun=oplog_qry
2023/09/23 15:48:57 [http get]ret=>ot_loginex@需要登
2023/09/23 15:48:57 
2023/09/23 15:48:57 
2023/09/23 15:48:57 
2023/09/23 15:48:57 http://localhost:8000/callrmt?callfun=includeXAjax%20head.htm
2023/09/23 15:48:57 [http get]ret=>ot_loginex@需要登
2023/09/23 15:51:10 
2023/09/23 15:51:10 
2023/09/23 15:51:10 
2023/09/23 15:51:10 http://localhost:8000/callrmt?callfun=exit
2023/09/23 15:51:10 [http get]ret=>ot_loginex@需要登
2023/09/23 15:51:10 
2023/09/23 15:51:10 
2023/09/23 15:51:10 
2023/09/23 15:51:10 http://localhost:8000/callrmt?callfun=login%20111356,26916DD661300B25,1BC0036763DE22EC
2023/09/23 15:51:11 [http get]ret=>"agtid":"111356","descode":"26916DD661300B25","md5key":"1BC0036763DE22EC","lgky":"111356,26916DD661300B25,1BC0036763DE22EC"
2023/09/23 15:51:11 
2023/09/23 15:51:11 
2023/09/23 15:51:11 
2023/09/23 15:51:11 http://localhost:8000/callrmt?callfun=qryAgtBal%20111356
2023/09/23 15:51:11 [http get]ret=>ot_loginex@需要登
2023/09/23 15:51:11 
2023/09/23 15:51:11 
2023/09/23 15:51:11 
2023/09/23 15:51:11 http://localhost:8000/callrmt?callfun=searchPlayer%20777
2023/09/23 15:51:11 [http get]ret=>ot_loginex@需要登
2023/09/23 15:51:11 
2023/09/23 15:51:11 
2023/09/23 15:51:11 
2023/09/23 15:51:11 http://localhost:8000/callrmt?callfun=shangfen%20777%202
2023/09/23 15:51:11 [http get]ret=>ot_loginex@需要登
2023/09/23 15:51:11 
2023/09/23 15:51:11 
2023/09/23 15:51:11 
2023/09/23 15:51:11 http://localhost:8000/callrmt?callfun=xiafen%20777%201
2023/09/23 15:51:11 [http get]ret=>ot_loginex@需要登
2023/09/23 15:51:11 
2023/09/23 15:51:11 
2023/09/23 15:51:11 
2023/09/23 15:51:11 http://localhost:8000/callrmt?callfun=kick%20777
2023/09/23 15:51:11 [http get]ret=>ot_loginex@需要登
2023/09/23 15:51:11 
2023/09/23 15:51:11 
2023/09/23 15:51:11 
2023/09/23 15:51:11 http://localhost:8000/callrmt?callfun=QryShangxiafen
2023/09/23 15:51:11 [http get]ret=>ot_loginex@需要登
2023/09/23 15:51:11 
2023/09/23 15:51:11 
2023/09/23 15:51:11 
2023/09/23 15:51:11 http://localhost:8000/callrmt?callfun=kexiafenBal%20777
2023/09/23 15:51:11 [http get]ret=>ot_loginex@需要登
2023/09/23 15:51:11 
2023/09/23 15:51:11 
2023/09/23 15:51:11 
2023/09/23 15:51:11 http://localhost:8000/callrmt?callfun=addUser%20111%201
2023/09/23 15:51:11 [http get]ret=>ot_loginex@需要登
2023/09/23 15:51:11 
2023/09/23 15:51:11 
2023/09/23 15:51:11 
2023/09/23 15:51:11 http://localhost:8000/callrmt?callfun=oplog_qry
2023/09/23 15:51:11 [http get]ret=>ot_loginex@需要登
2023/09/23 15:51:11 
2023/09/23 15:51:11 
2023/09/23 15:51:11 
2023/09/23 15:51:11 http://localhost:8000/callrmt?callfun=includeXAjax%20head.htm
2023/09/23 15:51:11 [http get]ret=>ot_loginex@需要登
2023/09/23 15:51:48 
2023/09/23 15:51:48 
2023/09/23 15:51:48 
2023/09/23 15:51:48 http://localhost:8000/callrmt?callfun=exit
2023/09/23 15:54:23 
2023/09/23 15:54:23 
2023/09/23 15:54:23 
2023/09/23 15:54:23 http://localhost:8000/callrmt?callfun=exit
2023/09/23 15:54:43 
2023/09/23 15:54:43 
2023/09/23 15:54:43 
2023/09/23 15:54:43 http://localhost:8000/callrmt?callfun=exit
2023/09/23 15:54:43 [http get]ret=>
2023/09/23 15:54:43 
2023/09/23 15:54:43 
2023/09/23 15:54:43 
2023/09/23 15:54:43 http://localhost:8000/callrmt?callfun=login%20111356,26916DD661300B25,1BC0036763DE22EC
2023/09/23 15:54:44 [http get]ret=>"agtid":"111356","descode":"26916DD661300B25","md5key":"1BC0036763DE22EC","lgky":"111356,26916DD661300B25,1BC0036763DE22EC"
2023/09/23 15:54:44 
2023/09/23 15:54:44 
2023/09/23 15:54:44 
2023/09/23 15:54:44 http://localhost:8000/callrmt?callfun=qryAgtBal%20111356
2023/09/23 15:54:44 [http get]ret=>ot_loginex@需要登
2023/09/23 15:54:44 
2023/09/23 15:54:44 
2023/09/23 15:54:44 
2023/09/23 15:54:44 http://localhost:8000/callrmt?callfun=searchPlayer%20777
2023/09/23 15:54:44 [http get]ret=>ot_loginex@需要登
2023/09/23 15:54:44 
2023/09/23 15:54:44 
2023/09/23 15:54:44 
2023/09/23 15:54:44 http://localhost:8000/callrmt?callfun=shangfen%20777%202
2023/09/23 15:54:44 [http get]ret=>ot_loginex@需要登
2023/09/23 15:54:44 
2023/09/23 15:54:44 
2023/09/23 15:54:44 
2023/09/23 15:54:44 http://localhost:8000/callrmt?callfun=xiafen%20777%201
2023/09/23 15:54:44 [http get]ret=>ot_loginex@需要登
2023/09/23 15:54:44 
2023/09/23 15:54:44 
2023/09/23 15:54:44 
2023/09/23 15:54:44 http://localhost:8000/callrmt?callfun=kick%20777
2023/09/23 15:54:44 [http get]ret=>ot_loginex@需要登
2023/09/23 15:54:44 
2023/09/23 15:54:44 
2023/09/23 15:54:44 
2023/09/23 15:54:44 http://localhost:8000/callrmt?callfun=QryShangxiafen
2023/09/23 15:54:44 [http get]ret=>ot_loginex@需要登
2023/09/23 15:54:44 
2023/09/23 15:54:44 
2023/09/23 15:54:44 
2023/09/23 15:54:44 http://localhost:8000/callrmt?callfun=kexiafenBal%20777
2023/09/23 15:54:44 [http get]ret=>ot_loginex@需要登
2023/09/23 15:54:44 
2023/09/23 15:54:44 
2023/09/23 15:54:44 
2023/09/23 15:54:44 http://localhost:8000/callrmt?callfun=addUser%20111%201
2023/09/23 15:54:44 [http get]ret=>ot_loginex@需要登
2023/09/23 15:54:44 
2023/09/23 15:54:44 
2023/09/23 15:54:44 
2023/09/23 15:54:44 http://localhost:8000/callrmt?callfun=oplog_qry
2023/09/23 15:54:44 [http get]ret=>ot_loginex@需要登
2023/09/23 15:54:44 
2023/09/23 15:54:44 
2023/09/23 15:54:44 
2023/09/23 15:54:44 http://localhost:8000/callrmt?callfun=includeXAjax%20head.htm
2023/09/23 15:54:44 [http get]ret=>
<nav aria-label="breadcrumb">
  <ol class="breadcrumb menu405">

    <li id="aIdx" class="breadcrumb-item0"><a href="index.html" target="_top"> 首页 </a></li>

    <li id="aSxf" style="" class="breadcrumb-item0"><a href="shangxiafen.htm">上下分管理</a></li>
    <li id="aUser" class="b
2023/09/23 16:08:56 
2023/09/23 16:08:56 
2023/09/23 16:08:56 
2023/09/23 16:08:56 http://localhost:8000/callrmt?callfun=exit
2023/09/23 16:08:56 [http get]ret=>
2023/09/23 16:08:56 
2023/09/23 16:08:56 
2023/09/23 16:08:56 
2023/09/23 16:08:56 http://localhost:8000/callrmt?callfun=login%20111356,26916DD661300B25,1BC0036763DE22EC
2023/09/23 16:08:57 [http get]ret=>"agtid":"111356","descode":"26916DD661300B25","md5key":"1BC0036763DE22EC","lgky":"111356,26916DD661300B25,1BC0036763DE22EC"
2023/09/23 16:08:57 
2023/09/23 16:08:57 
2023/09/23 16:08:57 
2023/09/23 16:08:57 http://localhost:8000/callrmt?callfun=qryAgtBal%20111356
2023/09/23 16:08:57 [http get]ret=>"maintype":"/GameHandle","type":9,"data":{"code":0,"score":1334.0}
2023/09/23 16:08:57 
2023/09/23 16:08:57 
2023/09/23 16:08:57 
2023/09/23 16:08:57 http://localhost:8000/callrmt?callfun=searchPlayer%20777
2023/09/23 16:08:57 [http get]ret=>ot_loginex@需要登
2023/09/23 16:08:57 
2023/09/23 16:08:57 
2023/09/23 16:08:57 
2023/09/23 16:08:57 http://localhost:8000/callrmt?callfun=shangfen%20777%202
2023/09/23 16:08:57 [http get]ret=>ot_loginex@需要登
2023/09/23 16:08:57 
2023/09/23 16:08:57 
2023/09/23 16:08:57 
2023/09/23 16:08:57 http://localhost:8000/callrmt?callfun=xiafen%20777%201
2023/09/23 16:08:57 [http get]ret=>ot_loginex@需要登
2023/09/23 16:08:57 
2023/09/23 16:08:57 
2023/09/23 16:08:57 
2023/09/23 16:08:57 http://localhost:8000/callrmt?callfun=kick%20777
2023/09/23 16:08:57 [http get]ret=>ot_loginex@需要登
2023/09/23 16:08:57 
2023/09/23 16:08:57 
2023/09/23 16:08:57 
2023/09/23 16:08:57 http://localhost:8000/callrmt?callfun=QryShangxiafen
2023/09/23 16:08:57 [http get]ret=>ot_loginex@需要登
2023/09/23 16:08:57 
2023/09/23 16:08:57 
2023/09/23 16:08:57 
2023/09/23 16:08:57 http://localhost:8000/callrmt?callfun=kexiafenBal%20777
2023/09/23 16:08:57 [http get]ret=>ot_loginex@需要登
2023/09/23 16:08:57 
2023/09/23 16:08:57 
2023/09/23 16:08:57 
2023/09/23 16:08:57 http://localhost:8000/callrmt?callfun=addUser%20111%201
2023/09/23 16:08:57 [http get]ret=>ot_loginex@需要登
2023/09/23 16:08:57 
2023/09/23 16:08:57 
2023/09/23 16:08:57 
2023/09/23 16:08:57 http://localhost:8000/callrmt?callfun=oplog_qry
2023/09/23 16:08:57 [http get]ret=>ot_loginex@需要登
2023/09/23 16:08:57 
2023/09/23 16:08:57 
2023/09/23 16:08:57 
2023/09/23 16:08:57 http://localhost:8000/callrmt?callfun=includeXAjax%20head.htm
2023/09/23 16:08:57 [http get]ret=>
<nav aria-label="breadcrumb">
  <ol class="breadcrumb menu405">

    <li id="aIdx" class="breadcrumb-item0"><a href="index.html" target="_top"> 首页 </a></li>

    <li id="aSxf" style="" class="breadcrumb-item0"><a href="shangxiafen.htm">上下分管理</a></li>
    <li id="aUser" class="b
2023/09/23 16:09:29 
2023/09/23 16:09:29 
2023/09/23 16:09:29 
2023/09/23 16:09:29 http://localhost:8000/callrmt?callfun=exit
2023/09/23 16:09:29 [http get]ret=>
2023/09/23 16:09:29 
2023/09/23 16:09:29 
2023/09/23 16:09:29 
2023/09/23 16:09:29 http://localhost:8000/callrmt?callfun=login%20111356,26916DD661300B25,1BC0036763DE22EC
2023/09/23 16:09:29 [http get]ret=>"agtid":"111356","descode":"26916DD661300B25","md5key":"1BC0036763DE22EC","lgky":"111356,26916DD661300B25,1BC0036763DE22EC"
2023/09/23 16:09:29 
2023/09/23 16:09:29 
2023/09/23 16:09:29 
2023/09/23 16:09:29 http://localhost:8000/callrmt?callfun=qryAgtBal%20111356
2023/09/23 16:09:30 [http get]ret=>"maintype":"/GameHandle","type":9,"data":{"code":0,"score":1334.0}
2023/09/23 16:09:30 
2023/09/23 16:09:30 
2023/09/23 16:09:30 
2023/09/23 16:09:30 http://localhost:8000/callrmt?callfun=searchPlayer%20777
2023/09/23 16:09:30 [http get]ret=>"maintype":"/GameHandle","type":7,"data":{"code":0,"agentid":111356,"linecode":"10001_1","status":0,"userid":32077089,"account":"777","totalScore":875.0,"integralvalue":6.0,"addscore":1200.0,"subscore":325.0,"addscoretimes":61,"subscoretimes":54,"totalwinlose":0.0,"totalrevenue":0.0}
2023/09/23 16:09:30 
2023/09/23 16:09:30 
2023/09/23 16:09:30 
2023/09/23 16:09:30 http://localhost:8000/callrmt?callfun=shangfen%20777%202
2023/09/23 16:09:30 [http get]ret=>"maintype":"/GameHandle","type":2,"data":{"orderid":"1113561695460170000777","agentid":111356,"account":"777","score":2.000000,"code":0,"errmsg":"success dt(0.013222s)"}}
2023/09/23 16:09:30 
2023/09/23 16:09:30 
2023/09/23 16:09:30 
2023/09/23 16:09:30 http://localhost:8000/callrmt?callfun=xiafen%20777%201
2023/09/23 16:09:30 [http get]ret=>"maintype":"/GameHandle","type":3,"data":{"orderid":"1113561695460170000777","agentid":111356,"account":"777","score":1.000000,"code":0,"errmsg":"success dt(0.010675s)"}}
2023/09/23 16:09:30 
2023/09/23 16:09:30 
2023/09/23 16:09:30 
2023/09/23 16:09:30 http://localhost:8000/callrmt?callfun=kick%20777
2023/09/23 16:09:31 [http get]ret=>"maintype":"/GameHandle","type":8,"data":{"code":0}
2023/09/23 16:09:31 
2023/09/23 16:09:31 
2023/09/23 16:09:31 
2023/09/23 16:09:31 http://localhost:8000/callrmt?callfun=QryShangxiafen
2023/09/23 16:09:31 [http get]ret=>
  {
    "agtid": "111356",
    "uname": "777",
    "score": "2",
    "类型": "上分",
    "time": "2023-09-23 16:09:30"
  },
  {
    "uname": "777",
    "score": "1",
    "类型": "下分",
    "time": "2023-09-23 16:09:30"
  },
  {
    "uname": "777",
    "score": "1",
    "类型": "下分",
2023/09/23 16:09:31 
2023/09/23 16:09:31 
2023/09/23 16:09:31 
2023/09/23 16:09:31 http://localhost:8000/callrmt?callfun=kexiafenBal%20777
2023/09/23 16:09:31 [http get]ret=>"maintype":"/GameHandle","type":1,"data":{"code":0,"account":"777","score":876.0}
2023/09/23 16:09:31 
2023/09/23 16:09:31 
2023/09/23 16:09:31 
2023/09/23 16:09:31 http://localhost:8000/callrmt?callfun=addUser%20111%201
2023/09/23 16:09:31 [http get]ret=>lrtEx@玩家已经存
2023/09/23 16:09:31 
2023/09/23 16:09:31 
2023/09/23 16:09:31 
2023/09/23 16:09:31 http://localhost:8000/callrmt?callfun=oplog_qry
2023/09/23 16:09:31 [http get]ret=>
  {
    "agtid": "111356",
    "op": "上分操作",
    "uname": "777",
    "score": "2",
    "类型": "上分",
    "time": "2023-09-23 16:09:30"
  },
  {
    "agtid": "111356",
    "op": "下分操作",
    "uname": "777",
    "score": "1",
    "类型": "下分",
    "time": "2023-09-23 16:09
2023/09/23 16:09:31 
2023/09/23 16:09:31 
2023/09/23 16:09:31 
2023/09/23 16:09:31 http://localhost:8000/callrmt?callfun=includeXAjax%20head.htm
2023/09/23 16:09:31 [http get]ret=>
<nav aria-label="breadcrumb">
  <ol class="breadcrumb menu405">

    <li id="aIdx" class="breadcrumb-item0"><a href="index.html" target="_top"> 首页 </a></li>

    <li id="aSxf" style="" class="breadcrumb-item0"><a href="shangxiafen.htm">上下分管理</a></li>
    <li id="aUser" class="b
2023/09/27 21:55:35 
2023/09/27 21:55:35 
2023/09/27 21:55:35 
2023/09/27 21:55:35 http://localhost:8000/callrmt?callfun=exit
2023/09/27 21:55:35 [http get]ret=>
2023/09/27 21:55:35 
2023/09/27 21:55:35 
2023/09/27 21:55:35 
2023/09/27 21:55:35 http://localhost:8000/callrmt?callfun=login%20111356,26916DD661300B25,1BC0036763DE22EC
2023/09/27 21:55:35 [http get]ret=>
  "stack1": "ReferenceError: uNkey is not defined\n    at getLoginToken (C:\\modyfing\\apiprj\\jbbot\\zmng\\libBiz\\user.js:99:18)\n    at buildUrlNgetV3 (C:\\modyfing\\apiprj\\jbbot\\zmng\\libBiz\\bizHttp.js:142:21)\n    at buildUrlNgetV2 (C:\\modyfing\\apiprj\\jbbot\\zmng\\libBiz\\bizHttp.js:184
2023/09/27 21:55:35 
2023/09/27 21:55:35 
2023/09/27 21:55:35 
2023/09/27 21:55:35 http://localhost:8000/callrmt?callfun=qryAgtBal%20111356
2023/09/27 21:55:36 [http get]ret=>"maintype":"/GameHandle","type":9,"data":{"code":0,"score":6943.0}
2023/09/27 21:55:36 
2023/09/27 21:55:36 
2023/09/27 21:55:36 
2023/09/27 21:55:36 http://localhost:8000/callrmt?callfun=searchPlayer%20777
2023/09/27 21:55:37 [http get]ret=>"maintype":"/GameHandle","type":7,"data":{"code":0,"agentid":111356,"linecode":"10001_1","status":0,"userid":32077089,"account":"777","totalScore":77.0,"integralvalue":6.0,"addscore":1279.0,"subscore":1202.0,"addscoretimes":63,"subscoretimes":56,"totalwinlose":0.0,"totalrevenue":0.0}
2023/09/27 21:55:37 
2023/09/27 21:55:37 
2023/09/27 21:55:37 
2023/09/27 21:55:37 http://localhost:8000/callrmt?callfun=shangfen%20777%202
2023/09/27 21:55:38 [http get]ret=>"maintype":"/GameHandle","type":2,"data":{"orderid":"1113561695826537000777","agentid":111356,"account":"777","score":2.000000,"code":0,"errmsg":"success dt(0.012614s)"}}
2023/09/27 21:55:38 
2023/09/27 21:55:38 
2023/09/27 21:55:38 
2023/09/27 21:55:38 http://localhost:8000/callrmt?callfun=xiafen%20777%201
2023/09/27 21:55:38 [http get]ret=>
  "stack1": "TypeError: Cannot read properties of undefined (reading 'query')\n    at getLoginToken (C:\\modyfing\\apiprj\\jbbot\\zmng\\libBiz\\user.js:85:13)\n    at getDbdir (C:\\modyfing\\apiprj\\jbbot\\zmng\\libBiz\\bzDb.js:12:17)\n    at String.xiafen (C:\\modyfing\\apiprj\\jbbot\\zmng\\libBi
2023/09/27 21:55:38 
2023/09/27 21:55:38 
2023/09/27 21:55:38 
2023/09/27 21:55:38 http://localhost:8000/callrmt?callfun=kick%20777
2023/09/27 21:55:43 [http get]ret=>"maintype":"/GameHandle","type":8,"data":{"code":0}
2023/09/27 21:55:43 
2023/09/27 21:55:43 
2023/09/27 21:55:43 
2023/09/27 21:55:43 http://localhost:8000/callrmt?callfun=QryShangxiafen
2023/09/27 21:55:43 [http get]ret=>
  {
    "uname": "Xxx0079468",
    "score": "10",
    "类型": "下分",
    "time": "2023-09-27 21:10:44"
  },
  {
    "uname": "Xxx0079468",
    "score": "11",
    "类型": "下分",
    "time": "2023-09-27 15:31:42"
  },
  {
    "agtid": 111356,
    "uname": "Xxx0079468",
    "score": "10",
 
2023/09/27 21:55:43 
2023/09/27 21:55:43 
2023/09/27 21:55:43 
2023/09/27 21:55:43 http://localhost:8000/callrmt?callfun=kexiafenBal%20777
2023/09/27 21:55:43 [http get]ret=>"maintype":"/GameHandle","type":1,"data":{"code":0,"account":"777","score":78.0}
2023/09/27 21:55:43 
2023/09/27 21:55:43 
2023/09/27 21:55:43 
2023/09/27 21:55:43 http://localhost:8000/callrmt?callfun=addUser%20111%201
2023/09/27 21:55:44 [http get]ret=>lrtEx@玩家已经存
2023/09/27 21:55:44 
2023/09/27 21:55:44 
2023/09/27 21:55:44 
2023/09/27 21:55:44 http://localhost:8000/callrmt?callfun=oplog_qry
2023/09/27 21:55:44 [http get]ret=>
  {
    "agtid": "111356",
    "op": "踢玩家下线",
    "uname": "777",
    "类型": "踢玩家下线",
    "time": "2023-09-27 21:55:42"
  },
  {
    "agtid": 111356,
    "op": "下分操作",
    "uname": "Xxx0079468",
    "txt": "下分10",
    "score": "10",
    "类型": "下分",
    "t
2023/09/27 21:55:44 
2023/09/27 21:55:44 
2023/09/27 21:55:44 
2023/09/27 21:55:44 http://localhost:8000/callrmt?callfun=includeXAjax%20head.htm
2023/09/27 21:55:44 [http get]ret=>
<nav aria-label="breadcrumb">
  <ol class="breadcrumb menu405">

    <li id="aIdx" class="breadcrumb-item0"><a href="index.html" target="_top"> 首页 </a></li>
    <li id="aCfg" class="breadcrumb-item0"><a href="cfg.html">配置管理</a></li>
    <li id="aSxf" style="" class="breadcrumb-ite
2023/09/27 22:03:56 
2023/09/27 22:03:56 
2023/09/27 22:03:56 
2023/09/27 22:03:56 http://localhost:8000/callrmt?callfun=exit
2023/09/27 22:03:56 [http get]ret=>
2023/09/27 22:03:56 
2023/09/27 22:03:56 
2023/09/27 22:03:56 
2023/09/27 22:03:56 http://localhost:8000/callrmt?callfun=login%20111356,26916DD661300B25,1BC0036763DE22EC
2023/09/27 22:04:04 [http get]ret=>"agtid":"111356","agentid":"111356","descode":"26916DD661300B25","desCode":"26916DD661300B25","md5key":"1BC0036763DE22EC","md5Code":"1BC0036763DE22EC","lgky":"111356,26916DD661300B25,1BC0036763DE22EC"
2023/09/27 22:04:04 
2023/09/27 22:04:04 
2023/09/27 22:04:04 
2023/09/27 22:04:04 http://localhost:8000/callrmt?callfun=qryAgtBal%20111356
2023/09/27 22:04:08 [http get]ret=>"maintype":"/GameHandle","type":9,"data":{"code":0,"score":6945.0}
2023/09/27 22:04:08 
2023/09/27 22:04:08 
2023/09/27 22:04:08 
2023/09/27 22:04:08 http://localhost:8000/callrmt?callfun=searchPlayer%20777
2023/09/27 22:04:08 [http get]ret=>"maintype":"/GameHandle","type":7,"data":{"code":0,"agentid":111356,"linecode":"10001_1","status":0,"userid":32077089,"account":"777","totalScore":75.0,"integralvalue":6.0,"addscore":1281.0,"subscore":1206.0,"addscoretimes":64,"subscoretimes":60,"totalwinlose":0.0,"totalrevenue":0.0}
2023/09/27 22:04:08 
2023/09/27 22:04:08 
2023/09/27 22:04:08 
2023/09/27 22:04:08 http://localhost:8000/callrmt?callfun=shangfen%20777%202
2023/09/27 22:04:08 [http get]ret=>"maintype":"/GameHandle","type":2,"data":{"orderid":"1113561695827048000777","agentid":111356,"account":"777","score":2.000000,"code":0,"errmsg":"success dt(0.010082s)"}}
2023/09/27 22:04:08 
2023/09/27 22:04:08 
2023/09/27 22:04:08 
2023/09/27 22:04:08 http://localhost:8000/callrmt?callfun=xiafen%20777%201
2023/09/27 22:04:10 [http get]ret=>"maintype":"/GameHandle","type":3,"data":{"orderid":"1113561695827048000777","agentid":111356,"account":"777","score":1.000000,"code":0,"errmsg":"success dt(0.010753s)"}}
2023/09/27 22:04:10 
2023/09/27 22:04:10 
2023/09/27 22:04:10 
2023/09/27 22:04:10 http://localhost:8000/callrmt?callfun=kick%20777
2023/09/27 22:04:12 [http get]ret=>"maintype":"/GameHandle","type":8,"data":{"code":0}
2023/09/27 22:04:12 
2023/09/27 22:04:12 
2023/09/27 22:04:12 
2023/09/27 22:04:12 http://localhost:8000/callrmt?callfun=QryShangxiafen
2023/09/27 22:04:12 [http get]ret=>
  {
    "uname": "777",
    "score": "1",
    "类型": "下分",
    "time": "2023-09-27 22:04:10"
  },
  {
    "uname": "777",
    "score": "1",
    "类型": "下分",
    "time": "2023-09-27 22:03:43"
  },
  {
    "uname": "Xxx0079468",
    "score": "10",
    "类型": "下分",
    "time": "2
2023/09/27 22:04:12 
2023/09/27 22:04:12 
2023/09/27 22:04:12 
2023/09/27 22:04:12 http://localhost:8000/callrmt?callfun=kexiafenBal%20777
2023/09/27 22:04:13 [http get]ret=>"maintype":"/GameHandle","type":1,"data":{"code":0,"account":"777","score":76.0}
2023/09/27 22:04:13 
2023/09/27 22:04:13 
2023/09/27 22:04:13 
2023/09/27 22:04:13 http://localhost:8000/callrmt?callfun=addUser%20111%201
2023/09/27 22:04:14 [http get]ret=>lrtEx@玩家已经存
2023/09/27 22:04:14 
2023/09/27 22:04:14 
2023/09/27 22:04:14 
2023/09/27 22:04:14 http://localhost:8000/callrmt?callfun=oplog_qry
2023/09/27 22:04:14 [http get]ret=>
  {
    "agtid": "111356",
    "op": "下分操作",
    "uname": "777",
    "txt": "下分1",
    "score": "1",
    "类型": "下分",
    "time": "2023-09-27 22:04:10"
  },
  {
    "agtid": "111356",
    "op": "踢玩家下线",
    "uname": "777",
    "类型": "踢玩家下线",
    "time": "
2023/09/27 22:04:14 
2023/09/27 22:04:14 
2023/09/27 22:04:14 
2023/09/27 22:04:14 http://localhost:8000/callrmt?callfun=includeXAjax%20head.htm
2023/09/27 22:04:14 [http get]ret=>
<nav aria-label="breadcrumb">
  <ol class="breadcrumb menu405">

    <li id="aIdx" class="breadcrumb-item0"><a href="index.html" target="_top"> 首页 </a></li>
    <li id="aCfg" class="breadcrumb-item0"><a href="cfg.html">配置管理</a></li>
    <li id="aSxf" style="" class="breadcrumb-ite
